###############################################################################
#
# IAR ANSI C/C++ Compiler V7.30.4.8167/W32 for ARM        23/Sep/2017  15:46:31
# Copyright 1999-2014 IAR Systems AB.
#
#    Cpu mode     =  thumb
#    Endian       =  little
#    Source file  =  F:\海尔\新版+8k解码+预约\src\sensor\sensor_comm.c
#    Command line =  
#        F:\海尔\新版+8k解码+预约\src\sensor\sensor_comm.c -lcN
#        F:\海尔\新版+8k解码+预约\project\Debug\List\ --diag_error PE223 -o
#        F:\海尔\新版+8k解码+预约\project\Debug\Obj\ --debug --endian=little
#        --cpu=Cortex-M3 -e --fpu=None --dlib_config "D:\Program Files
#        (x86)\IAR Systems\Embedded Workbench
#        7.0\arm\INC\c\DLib_Config_Normal.h" --preinclude
#        F:\海尔\新版+8k解码+预约\project\..\lib\syscall_api.h -I
#        F:\海尔\新版+8k解码+预约\project\..\includes\ -I
#        F:\海尔\新版+8k解码+预约\project\..\src\includes\ -I
#        F:\海尔\新版+8k解码+预约\project\..\lib\ -I
#        F:\海尔\新版+8k解码+预约\project\..\src\ -I
#        F:\海尔\新版+8k解码+预约\project\..\src\local_process\ -I
#        F:\海尔\新版+8k解码+预约\project\..\src\cfg\ -I
#        F:\海尔\新版+8k解码+预约\project\..\src\dock\ -I
#        F:\海尔\新版+8k解码+预约\project\..\src\guardrail\ -Ohz
#    List file    =  
#        F:\海尔\新版+8k解码+预约\project\Debug\List\sensor_comm.lst
#    Object file  =  F:\海尔\新版+8k解码+预约\project\Debug\Obj\sensor_comm.o
#
###############################################################################

F:\海尔\新版+8k解码+预约\src\sensor\sensor_comm.c
      1          //------------------------------------------------------------------------------
      2          //  Copyright (C) 2014-2017, Amicro, Inc.
      3          //  All rights reserved.
      4          //------------------------------------------------------------------------------
      5          /*edit by lyy*/
      6          #include "sensor/sensor.h"
      7          #include "syscall_api.h"
      8          
      9          static u8 g_sensor_start_gather;
     10          
     11          u16 mid_filter(s16* data_array, u16 new_data)
     12          {
     13            u16 temp;
     14            u16 temp_array[3];
     15            
     16            temp_array[0]=*data_array;
     17            temp_array[1]=*(data_array+1);
     18            temp_array[2]=new_data;
     19            
     20            if(temp_array[0]>temp_array[1])
     21            {
     22              temp=temp_array[1];
     23              temp_array[1]=temp_array[0];
     24              temp_array[0]=temp;
     25            }
     26            if(temp_array[1]>temp_array[2])
     27            {
     28              temp=temp_array[2];
     29              temp_array[2]=temp_array[1];
     30              temp_array[1]=temp;
     31            }
     32            if(temp_array[0]>temp_array[1])
     33            {
     34              temp=temp_array[1];
     35              temp_array[1]=temp_array[0];
     36              temp_array[0]=temp;
     37            }
     38            
     39            *data_array=*(data_array+1);
     40            *(data_array+1)=new_data;
     41            return temp_array[1]; 
     42          }
     43          
     44          
     45          /****************************************************************
     46          *Function   :  robot_sensor_gather_start
     47          *Author     :  lyy
     48          *Date       :  2017.4.20
     49          *Description:  控制采样使能
     50          *CallBy     :  
     51          *Input      :  参数
     52          *              en: 1： 打开   0：关闭
     53          *Output     :  无
     54          *Return     :  无
     55          *Others     :  
     56          *History    : //修改历史
     57              <author>       <time>      <version>           <desc>
     58              lyy            17.4.28       v1.0         build this function
     59          ******************************************************************/
     60          void robot_sensor_gather_start(u8 en)
     61          {
     62            g_sensor_start_gather = en;
     63          }
     64          
     65          /****************************************************************
     66          *Function   :  robot_sensor_handler
     67          *Author     :  lyy
     68          *Date       :  2017.4.20
     69          *Description:  4k的中断采样和处理过程
     70          *CallBy     :  
     71          *Input      :  参数
     72          *              无
     73          *Output     :  无
     74          *Return     :  无
     75          *Others     :  
     76          *History    : //修改历史
     77              <author>       <time>      <version>           <desc>
     78              lyy            17.4.28       v1.0         build this function
     79          ******************************************************************/
     80          long robot_sensor_handler(void)
     81          {
     82            static u8 led_close = 0;
     83            if(g_sensor_start_gather)
     84            {
     85              led_close = 0;
     86              sensor_gather();
     87              sensor_handle();
     88              hal_isr();
     89            }
     90            else
     91            {
     92              if(led_close == 0)
     93              {
     94                led_close = 1;
     95                robot_sensor_init();
     96                robot_close_sensor_led();
     97          
     98              }
     99            }
    100            return (1);
    101          }
    102          
    103          /****************************************************************
    104          *Function   :  robot_ir_detection_init
    105          *Author     :  lyy
    106          *Date       :  2017.4.20
    107          *Description:  初始化lt，cliff采样模块，申请一个4k的中断来进行采样。
    108                          所以整个采样和处理过程都是在中断里
    109          *CallBy     :  
    110          *Input      :  参数
    111          *              无
    112          *Output     :  无
    113          *Return     :  无
    114          *Others     :  
    115          *History    : //修改历史
    116              <author>       <time>      <version>           <desc>
    117              lyy            17.4.28       v1.0         build this function
    118          ******************************************************************/
    119          void robot_ir_detection_init(void)
    120          {
    121            robot_sensor_init();
    122            sys_timer_register(HZ_4K,(long)robot_sensor_handler,0);
    123          }

   Maximum stack usage in bytes:

   .cstack Function
   ------- --------
      12   mid_filter
       8   robot_ir_detection_init
         8   -> robot_sensor_init
         0   -> sys_timer_register
       0   robot_sensor_gather_start
       8   robot_sensor_handler
         8   -> hal_isr
         8   -> robot_close_sensor_led
         8   -> robot_sensor_init
         8   -> sensor_gather
         8   -> sensor_handle


   Section sizes:

   Bytes  Function/Label
   -----  --------------
       4  ??DataTable2
       4  ??DataTable2_1
       2  g_sensor_start_gather
          led_close
      42  mid_filter
      20  robot_ir_detection_init
       6  robot_sensor_gather_start
      46  robot_sensor_handler

 
   2 bytes in section .bss
 122 bytes in section .text
 
 122 bytes of CODE memory
   2 bytes of DATA memory

Errors: none
Warnings: none
