###############################################################################
#
# IAR ANSI C/C++ Compiler V7.30.4.8167/W32 for ARM        23/Sep/2017  15:46:31
# Copyright 1999-2014 IAR Systems AB.
#
#    Cpu mode     =  thumb
#    Endian       =  little
#    Source file  =  F:\海尔\新版+8k解码+预约\src\sensor\sensor.c
#    Command line =  
#        F:\海尔\新版+8k解码+预约\src\sensor\sensor.c -lcN
#        F:\海尔\新版+8k解码+预约\project\Debug\List\ --diag_error PE223 -o
#        F:\海尔\新版+8k解码+预约\project\Debug\Obj\ --debug --endian=little
#        --cpu=Cortex-M3 -e --fpu=None --dlib_config "D:\Program Files
#        (x86)\IAR Systems\Embedded Workbench
#        7.0\arm\INC\c\DLib_Config_Normal.h" --preinclude
#        F:\海尔\新版+8k解码+预约\project\..\lib\syscall_api.h -I
#        F:\海尔\新版+8k解码+预约\project\..\includes\ -I
#        F:\海尔\新版+8k解码+预约\project\..\src\includes\ -I
#        F:\海尔\新版+8k解码+预约\project\..\lib\ -I
#        F:\海尔\新版+8k解码+预约\project\..\src\ -I
#        F:\海尔\新版+8k解码+预约\project\..\src\local_process\ -I
#        F:\海尔\新版+8k解码+预约\project\..\src\cfg\ -I
#        F:\海尔\新版+8k解码+预约\project\..\src\dock\ -I
#        F:\海尔\新版+8k解码+预约\project\..\src\guardrail\ -Ohz
#    List file    =  F:\海尔\新版+8k解码+预约\project\Debug\List\sensor.lst
#    Object file  =  F:\海尔\新版+8k解码+预约\project\Debug\Obj\sensor.o
#
###############################################################################

F:\海尔\新版+8k解码+预约\src\sensor\sensor.c
      1          //------------------------------------------------------------------------------
      2          //  Copyright (C) 2014-2017, Amicro, Inc.
      3          //  All rights reserved.
      4          //------------------------------------------------------------------------------
      5          /*****************************************************************************
      6          * edit by yongyong.li
      7          *****************************************************************************/
      8          #include "sensor.h"
      9          #include "hal_amicro_gpio.h"
     10          #include "adc_chan.h"
     11          #include "syscall_api.h"
     12          #include "ui-config.h"
     13          #include "sensor/sensor.h"
     14          #include "state_view/state_view.h"
     15          
     16          
     17          extern const adc_chan_t adc_chan_table[ADC_CHAN_MAX];
     18          extern const IO_PIN_CFG io_table[HAL_MAX];
     19          
     20          /*缓存每次采样的adc值*/
     21          static U16 adcCache[ADC_CHAN_MAX];
     22          
     23          volatile u16 time_4khz_counter = 0;
     24          
     25          /*cliff计数采样过程统计的次数*/
     26          volatile u8 cliff_index_on = 0;
     27          volatile u8 cliff_index_off= 0;	
     28          
     29          /*lt计数采样过程统计的次数*/
     30          volatile u8 light_index_on[2]={0};
     31          volatile u8 light_index_off[2]={0};
     32          
     33           void print_touch(void);
     34           void print_cliff(void);
     35          
     36          static u8 useok=0;
     37          static u8 robot_ir_init=0;
     38          
     39          static s16 cliff_filter[4];
     40          
     41           U8 cliff_hight_flag=0;
     42           
     43          #define USE_LT_AUTO_ADJUST //如果左右的lt 不一致的r候需要M行自有Ｕ
     44          #ifdef USE_LT_AUTO_ADJUST
     45          #define LT_AUTO_ADJUST_THROD 400
     46          s16 signal_offset[8];
     47          #endif
     48          
     49          typedef struct
     50          {
     51            u8 logic_chan;/*逻辑通道*/
     52            u8 phy_chan;  /*物理通道*/
     53          }ir_sensor_map_t;
     54          
     55          /*cliff , lt 的阈值配置， 变量会在sensor_threshold_update里初始化，on: led灯打开时， off：led关闭时*/
     56          static u16 signal_threshold_on[IR_SENSOR_NUM];
     57          static u16 signal_threshold_off[IR_SENSOR_NUM];
     58          
     59          /*逻辑通道和物理通道影响关系结构体表*/
     60          const ir_sensor_map_t remap[IR_SENSOR_NUM]={
     61            {CLIFF_RIGHT,ADC_CHAN_CLIFF_RIGHT}, 
     62            {CLIFF_FRONTRIGHT,ADC_CHAN_CLIFF_FRONTRIGHT},
     63            {CLIFF_FRONTLEFT,ADC_CHAN_CLIFF_FRONTLEFT},
     64            {CLIFF_LEFT,ADC_CHAN_CLIFF_LEFT},
     65            {CLIFF_REAR_RIGHT,0xFF},
     66            {CLIFF_REAR_LEFT,0xFF},
     67            {CLIFF_REV1,0xff},
     68            {CLIFF_REV2,0xff},  
     69            {LT_CENTERRIGHT,ADC_CHAN_LT_CENTERRIGHT},
     70            {LT_FRONTLEFT,ADC_CHAN_LT_FRONTLEFT},
     71            {LT_RIGHT,ADC_CHAN_LT_RIGHT},
     72            {LT_LEFT,ADC_CHAN_LT_LEFT},
     73            {LT_FRONTRIGHT,ADC_CHAN_LT_FRONTLEFT},
     74            {LT_CENTERLEFT,ADC_CHAN_LT_CENTERLEFT},
     75            {LT_CENTERLEFT_L,0xff},
     76            {LT_CENTERRIGHT_L,0xff},
     77          };
     78          
     79          /*cliff，lt的结果*/
     80          static u8 signal_result[IR_SENSOR_NUM] = {0};
     81          /*保存最近4次led on 时的adc值*/
     82          static s16 signal_queue_on[IR_SENSOR_NUM][4];
     83          /*保存最近4次led off 时的adc值*/
     84          static s16 signal_queue_off[IR_SENSOR_NUM][4];
     85          /*保存最近4次led on 时的adc值总和*/
     86          static s16 signal_average_on[IR_SENSOR_NUM] ={0};
     87          /*保存最近4次led off 时的adc值总和*/
     88          static s16 signal_average_off[IR_SENSOR_NUM] = {0};
     89          /*保存一个周期 led on 和 off 的采样差值*/
     90          volatile s16 signal_delta[IR_SENSOR_NUM]  = {0};
     91          
     92          #define CLIFF_LED_ADC(M)          \
     93            M( ADC_CHAN_CLIFF_RIGHT)        \
     94            M( ADC_CHAN_CLIFF_FRONTRIGHT ) \
     95            M( ADC_CHAN_CLIFF_FRONTLEFT) \
     96            M( ADC_CHAN_CLIFF_LEFT)
     97          
     98          #define LT_LED_ADC(M)          \
     99            M( ADC_CHAN_LT_CENTERRIGHT)        \
    100            M( ADC_CHAN_LT_FRONTLEFT ) \
    101            M( ADC_CHAN_LT_RIGHT)       \
    102            M( ADC_CHAN_LT_LEFT) \
    103            M( ADC_CHAN_LT_FRONTRIGHT) \
    104            M( ADC_CHAN_LT_CENTERLEFT)
    105          
    106          #define SAMPLE_ADC(i)           adcCache[i] = (U16)(adcResult_p[adc_chan_table[i].phy_chan]); 
    107          #define SAMPLE_LT_LED()         LT_LED_ADC(SAMPLE_ADC)
    108          #define SAMPLE_CLIFF_LED()      CLIFF_LED_ADC(SAMPLE_ADC)
    109                  
    110          #define SENSOR_LED_ON   1
    111          #define SENSOR_LED_OFF  0
    112          
    113          /*lt 控制开关*/
    114          static u8 lt_onoff_swith = 0;
    115          
    116          /*cliff 控制开关*/
    117          static u8 cliff_onoff_swith = 0;
    118          
    119          /****************************************************************
    120          *Function   :  sensor_threshold_update
    121          *Author     :  lyy
    122          *Date       :  2017.4.20
    123          *Description:  初始化lt，cliff阈值
    124          *CallBy     :  
    125          *Input      :  参数
    126          *              ui_config:  参考 ui_config_t 结构
    127          *Output     :  无
    128          *Return     :  无
    129          *Others     :  
    130          *History    : //修改历史
    131              <author>       <time>      <version>           <desc>
    132              lyy            17.4.28       v1.0         build this function
    133          ******************************************************************/
    134          void sensor_threshold_update(const ui_local_config_t* ui_config)
    135          {
    136            //CLIFF ON
    137          
    138            signal_threshold_on[CLIFF_RIGHT]      = ui_config->cliff_threshold.right_on;
    139            signal_threshold_on[CLIFF_FRONTRIGHT] = ui_config->cliff_threshold.front_right_on;
    140            signal_threshold_on[CLIFF_FRONTLEFT]  = ui_config->cliff_threshold.front_left_on;  
    141            signal_threshold_on[CLIFF_LEFT]       = ui_config->cliff_threshold.left_on;
    142            signal_threshold_on[CLIFF_REAR_RIGHT] = ui_config->cliff_threshold.rear_right_on;
    143            signal_threshold_on[CLIFF_REAR_LEFT]  = ui_config->cliff_threshold.rear_left_on;
    144            //CLIFF OFF
    145            signal_threshold_off[CLIFF_RIGHT]     = ui_config->cliff_threshold.right_off; 
    146            signal_threshold_off[CLIFF_FRONTRIGHT]= ui_config->cliff_threshold.front_right_off;
    147            signal_threshold_off[CLIFF_FRONTLEFT] = ui_config->cliff_threshold.front_left_off;
    148            signal_threshold_off[CLIFF_LEFT]      = ui_config->cliff_threshold.left_off;
    149            signal_threshold_off[CLIFF_REAR_RIGHT]= ui_config->cliff_threshold.rear_right_off;
    150            signal_threshold_off[CLIFF_REAR_LEFT] = ui_config->cliff_threshold.rear_left_off;  
    151            
    152            //LT ON  
    153            signal_threshold_on[LT_CENTERRIGHT]  = ui_config->lighttouch_threshold.center_right_on;
    154            signal_threshold_on[LT_FRONTLEFT]    = ui_config->lighttouch_threshold.front_left_on;
    155            signal_threshold_on[LT_RIGHT]        = ui_config->lighttouch_threshold.right_on;
    156            signal_threshold_on[LT_LEFT]         = ui_config->lighttouch_threshold.left_on;
    157            signal_threshold_on[LT_FRONTRIGHT]   = ui_config->lighttouch_threshold.front_right_on;
    158            signal_threshold_on[LT_CENTERLEFT]   = ui_config->lighttouch_threshold.center_left_on;
    159            //LT OFF
    160            signal_threshold_off[LT_CENTERRIGHT] = ui_config->lighttouch_threshold.center_right_off; 
    161            signal_threshold_off[LT_FRONTLEFT]   = ui_config->lighttouch_threshold.front_left_off;
    162            signal_threshold_off[LT_RIGHT]       = ui_config->lighttouch_threshold.right_off;
    163            signal_threshold_off[LT_LEFT]        = ui_config->lighttouch_threshold.left_off;
    164            signal_threshold_off[LT_FRONTRIGHT]  = ui_config->lighttouch_threshold.front_right_off;
    165            signal_threshold_off[LT_CENTERLEFT]  = ui_config->lighttouch_threshold.center_left_off;
    166          }
    167          
    168          /****************************************************************
    169          *Function   :  set_cliff_threshold
    170          *Author     :  lyy
    171          *Date       :  2017.4.20
    172          *Description:  设置cliff的阈值
    173          *CallBy     :  
    174          *Input      :  参数
    175          *              chan:  SENSOR_E cliff逻辑通道
    176          *              val :  阈值(adc)
    177          *Output     :  无
    178          *Return     :  无
    179          *Others     :  
    180          *History    : //修改历史
    181              <author>       <time>      <version>           <desc>
    182              lyy            17.4.28       v1.0         build this function
    183          ******************************************************************/
    184          void set_cliff_threshold(SENSOR_E chan, int val)
    185          {
    186            signal_threshold_on[chan] = val;
    187            signal_threshold_off[chan] = val;
    188          }
    189          
    190          /****************************************************************
    191          *Function   :  reset_cliff_threshold
    192          *Author     :  lyy
    193          *Date       :  2017.4.20
    194          *Description:  复位cliff阈值
    195          *CallBy     :  
    196          *Input      :  参数
    197          *              无
    198          *Output     :  无
    199          *Return     :  无
    200          *Others     :  
    201          *History    : //修改历史
    202              <author>       <time>      <version>           <desc>
    203              lyy            17.4.28       v1.0         build this function
    204          ******************************************************************/
    205          void reset_cliff_threshold(void)
    206          {
    207            sensor_threshold_update(get_local_ui_config());
    208          }
    209          
    210          /****************************************************************
    211          *Function   :  sensor_gather
    212          *Author     :  lyy
    213          *Date       :  2017.4.20
    214          *Description:  cliff，lt 的采样流程
    215          *CallBy     :  
    216          *Input      :  参数
    217          *              无
    218          *Output     :  无
    219          *Return     :  无
    220          *Others     :  
    221          *History    : //修改历史
    222              <author>       <time>      <version>           <desc>
    223              lyy            17.4.28       v1.0         build this function
    224          ******************************************************************/
    225          void sensor_gather(void)
    226          {
    227            if(robot_ir_init==0)
    228              return;
    229            
    230            U32 *adcResult_p = (U32 *)ADC_BASE_ADDR;
    231            int  adcStep = (time_4khz_counter & 0x7);
    232            switch (adcStep)
    233            {
    234            case 0:
    235              if(!lt_onoff_swith)
    236              {
    237                gpio_set_value(AM_IO_LIGHT_TOUCH_LED,SENSOR_LED_ON); 
    238              }
    239              if(!cliff_onoff_swith)
    240              {
    241                gpio_set_value(AM_IO_CLIFF_LED,SENSOR_LED_ON); //
    242              }
    243              break;
    244            case 1: 
    245              break;
    246            case 2:
    247              SAMPLE_LT_LED();//lt on
    248              SAMPLE_CLIFF_LED();  
    249              gpio_set_value(AM_IO_LIGHT_TOUCH_LED,SENSOR_LED_OFF); 
    250              gpio_set_value(AM_IO_CLIFF_LED,SENSOR_LED_OFF); //    
    251              break;	    
    252            case 3:  
    253              break;
    254            case 4:
    255              SAMPLE_LT_LED();  //lt off
    256              SAMPLE_CLIFF_LED();//CLIFF OFF
    257              break;
    258            case 5:
    259              break;
    260            case 6:   
    261              break;
    262            case 7:
    263              break;
    264            }
    265          }
    266          
    267          /****************************************************************
    268          *Function   :  sensor_handle
    269          *Author     :  lyy
    270          *Date       :  2017.4.20
    271          *Description:  cliff，lt 的采样后，结果处理流程
    272          *CallBy     :  
    273          *Input      :  参数
    274          *              无
    275          *Output     :  无
    276          *Return     :  无
    277          *Others     :  
    278          *History    : //修改历史
    279              <author>       <time>      <version>           <desc>
    280              lyy            17.4.28       v1.0         build this function
    281          ******************************************************************/
    282          void sensor_handle(void)
    283          {
    284            s16 temp = 0;
    285            U32 view_flag = 0;
    286            if(robot_ir_init==0)
    287              return;
    288            
    289            int  adcStep = time_4khz_counter & 0x7; 
    290            
    291            if( cliff_index_off > 3 )
    292            {
    293                useok = 1;
    294            }
    295            
    296            switch (adcStep)
    297            {
    298            case 0:  
    299              break;
    300            case 1: //calc result 
    301              break;
    302            case 2:
    303              {//lt
    304                    int i = 0;
    305                    if(light_index_on[0] >=4)
    306                    {
    307                      light_index_on[0] = 0;             
    308                    }          
    309                     for(i=8;i<=13;i++) 
    310                     {
    311                         signal_average_on[i] = 0;
    312                         signal_queue_on[i][light_index_on[0]] = (adcCache[remap[i].phy_chan] & 0x00000fff);
    313                         for(int j = 0; j<4; j++)
    314                         {               
    315                           signal_average_on[i] += signal_queue_on[i][j]; 
    316                         }               
    317                     }
    318                     light_index_on[0]++; 
    319              }
    320              {//cliff
    321                  u8 i = 0;
    322                  if(cliff_index_on >=4)
    323                  {
    324                      cliff_index_on = 0;             
    325                  }
    326                  
    327                  {
    328                     for(i=0;i<=3;i++) 
    329                     {
    330                         signal_average_on[i] = 0;
    331                         signal_queue_on[i][cliff_index_on] = (adcCache[remap[i].phy_chan] & 0x00000fff);
    332                         for(int j=0;j<4;j++)
    333                         {
    334                           signal_average_on[i] += signal_queue_on[i][j]; 
    335                         }               
    336                     }
    337                  }
    338                  cliff_index_on++;   
    339              }    
    340              break;
    341            case 3:  
    342              break;
    343            case 4://off
    344              { 
    345                  u8 i = 0;
    346                  if(cliff_index_off >=4)
    347                  {
    348                      cliff_index_off = 0;             
    349                  }
    350                  
    351                  {
    352                     for(i=0;i<=3;i++)
    353                     {
    354                         signal_average_off[i] = 0;
    355                         signal_queue_off[i][cliff_index_off] = (adcCache[remap[i].phy_chan] & 0x00000fff);
    356                         for(int j = 0; j<4; j++)
    357                         {
    358                           signal_average_off[i] += signal_queue_off[i][j]; 
    359                         }
    360                     }
    361                  }
    362                  cliff_index_off++; 
    363              }
    364              
    365              {//lt
    366                    u8 i = 0;
    367                    if(light_index_off[0] >=4)
    368                    {
    369                      light_index_off[0] = 0;             
    370                    }          
    371                     for(i=8;i<=13;i++) 
    372                     {
    373                         signal_average_off[i] = 0;
    374                         signal_queue_off[i][light_index_off[0]] = (adcCache[remap[i].phy_chan] & 0x00000fff);
    375                         for(int j = 0; j<4; j++)
    376                         {
    377                           signal_average_off[i] += signal_queue_off[i][j]; 
    378                         }
    379                     }
    380                     light_index_off[0]++; 
    381              }
    382            
    383              break;
    384            case 5://calc result
    385              if(cliff_index_off >= 4 && cliff_index_on >= 4)
    386              {
    387              	u8 cliff = 0;
    388                  u8 i = 0;
    389                  s16 temp_s16;
    390          	if(useok==0)
    391          	{
    392          	    break;
    393          	}
    394                  
    395              	for(i = 0;i<=3;i++)
    396                  {
    397                      temp_s16 = (abs(signal_average_off[i] - signal_average_on[i]));
    398                      if(temp_s16 > cliff_filter[i])
    399                      {
    400                        signal_delta[i]=temp_s16;
    401                      }
    402                      else
    403                      {
    404                        signal_delta[i]=cliff_filter[i];
    405                      }
    406                         
    407                      
    408                      if(((signal_average_off[i] + signal_average_on[i])<1024) && (signal_delta[i]  < signal_threshold_off[i]))
    409                      {
    410                        signal_delta[i]=signal_delta[i]<<4;
    411                      }
    412                      
    413          
    414                      if(signal_delta[i]  >= signal_threshold_on[i])
    415                      {
    416                          cliff = 0;
    417                      }
    418                      else if(signal_delta[i]  < signal_threshold_off[i])
    419                      {
    420                        {
    421          
    422                          cliff = 1;
    423                         //print_cliff();
    424                         //printf("luyanjin test cliff = 1 \r\n");
    425                         //print_touch();
    426                         }
    427                          
    428                      }
    429                      else
    430                      {
    431                          cliff = signal_result[i] & 0x1;
    432                      }
    433                      
    434                      cliff_filter[i]=temp_s16;
    435                      
    436                      signal_result[i] = signal_result[i] << 1 ;
    437                      signal_result[i] = signal_result[i] | cliff ;
    438                      signal_result[i] = signal_result[i] & 0xff;
    439                      
    440                      view_flag |= cliff;
    441                      view_flag<<=1;
    442                  }
    443                  cliff_index_off = 0;
    444                  cliff_index_on  = 0;
    445              }
    446              if(light_index_off[0] >=4 && light_index_on[0]>=4)
    447              {
    448              	u8 lt = 0;
    449                  u8 i = 0;
    450          	if(useok==0)
    451          	{
    452          	    break;
    453          	}
    454              	for(i = 8;i<=13;i++)
    455                  {
    456          #ifdef USE_LT_AUTO_ADJUST
    457                      temp = abs(signal_average_off[i] - signal_average_on[i]);
    458                      if(temp < signal_offset[i-8] && temp>30)
    459                      {
    460                        signal_offset[i-8]=temp;
    461                      }
    462                      signal_delta[i] = abs(temp - signal_offset[i-8]);
    463          #else
    464                      signal_delta[i] = abs(signal_average_off[i] - signal_average_on[i]);
    465          #endif          
    466                      if(signal_delta[i]  >= signal_threshold_on[i])
    467                      {
    468                          lt = 1;//lyy 1--0
    469                          //printf(" luyanjin test print_touch lt = 1 \r\n");       
    470                          // print_touch();
    471                      }
    472                      else if(signal_delta[i]  < signal_threshold_off[i])
    473                      {
    474                          lt = 0;
    475                      }
    476                      else
    477                      {
    478                          lt = signal_result[i] & 0x1;
    479                      }
    480                      signal_result[i] = signal_result[i] << 1 ;
    481                      signal_result[i] = signal_result[i] | lt ;
    482                      signal_result[i] = signal_result[i] & 0xff;
    483                      
    484                      view_flag |= lt;
    485                      view_flag<<=1;
    486                  }   
    487              
    488                  view_flag<<=1;        
    489                  view_flag = view_flag |(robot_bump_mask());        
    490                  view_bump(view_flag);
    491                  
    492                  light_index_off[0] =0;
    493                  light_index_on[0]  =0;
    494              }
    495              break;
    496            case 6:    
    497              break;
    498            case 7:
    499              break;
    500            }
    501            /*把lt的结果传送到sdk*/
    502            robot_lt_update(signal_result);
    503          }
    504          
    505          /****************************************************************
    506          *Function   :  robot_close_sensor_led
    507          *Author     :  lyy
    508          *Date       :  2017.4.20
    509          *Description:  闭关led灯，主要是节省功耗
    510          *CallBy     :  
    511          *Input      :  参数
    512          *              无
    513          *Output     :  无
    514          *Return     :  无
    515          *Others     :  
    516          *History    : //修改历史
    517              <author>       <time>      <version>           <desc>
    518              lyy            17.4.28       v1.0         build this function
    519          ******************************************************************/
    520          void robot_close_sensor_led(void)
    521          {
    522              gpio_set_value(AM_IO_LIGHT_TOUCH_LED,SENSOR_LED_OFF); 
    523              gpio_set_value(AM_IO_CLIFF_LED,SENSOR_LED_OFF);     
    524          }
    525          
    526          
    527          uint16_t hal_isr(void)
    528          {
    529            if(robot_ir_init==0)
    530              return 1;
    531            time_4khz_counter = (time_4khz_counter + 1) & 0xff;
    532            return (1);
    533          }
    534          
    535          s16 robot_rear_lt_distance(u8 ingdex)
    536          {
    537            return 0;
    538          }
    539          
    540          s16 robot_signal_distance(u8 index)
    541          {
    542            return signal_delta[index];
    543          }
    544          
    545          u8 robot_is_cliff(u8 index)
    546          {
    547            if(signal_result[index])
    548            	return 1;
    549            else
    550            	return 0;
    551          }
    552          
    553          u8 robot_is_lighttouch(u8 index)
    554          {
    555            if(signal_result[index])
    556            	return 1;
    557            else
    558            	return 0;
    559          }
    560          
    561          u8 robot_is_rear_cliff(void)
    562          {
    563            return 0;
    564          }
    565          
    566          u8 robot_is_front_cliff(void)
    567          {
    568            return 0;
    569          }
    570          
    571          void set_lighttouch_enable(u8 en)
    572          {
    573            lt_onoff_swith = en;
    574          }
    575          
    576          void set_cliff_enable(u8 en)
    577          {
    578            cliff_onoff_swith = en;
    579          }
    580          
    581          void reset_lt_auto_offset()
    582          {
    583          #ifdef USE_LT_AUTO_ADJUST
    584            int i;
    585            for(i=0;i<6;i++)
    586            {
    587              signal_offset[i] = LT_AUTO_ADJUST_THROD;
    588            }
    589          #endif
    590          }
    591          
    592          void robot_sensor_init(void)
    593          {
    594            int j,i;
    595            useok = 0;	  
    596            time_4khz_counter   = 0;  
    597            cliff_index_on     = 0;
    598            cliff_index_off    = 0;
    599            light_index_on[0]  = 0;
    600            light_index_on[1]  = 0;
    601            light_index_off[0] = 0;
    602            light_index_off[1] = 0;
    603            
    604            for(i=0;i<IR_SENSOR_NUM;i++)
    605            {
    606              signal_result[i]=0;
    607              signal_average_on[i] =0;
    608              signal_average_off[i]=0;
    609              signal_delta[i]=0;
    610            }
    611            
    612            for(i=0;i<IR_SENSOR_NUM;i++)
    613            {
    614              for(j=0;j<4;j++)
    615              {
    616                signal_queue_on[i][j] = 0;
    617                signal_queue_off[i][j]= 0; 
    618              }
    619            }
    620            reset_lt_auto_offset();
    621            //reset_cliff_threshold();
    622            sensor_threshold_update(get_local_ui_config());
    623            robot_ir_init = 1;
    624          }
    625          
    626          
    627          void print_touch(void)
    628          {
    629          	robot_sensor_gather_start(1);
    630          
    631                   printf("touch: l=%d cl=%d fl=%d fr=%d cr=%d r=%d\r\n", \
    632                   signal_delta[LT_LEFT], signal_delta[LT_CENTERLEFT], signal_delta[LT_FRONTLEFT], \
    633                   signal_delta[LT_FRONTRIGHT], signal_delta[LT_CENTERRIGHT], signal_delta[LT_RIGHT]);
    634          }
    635          
    636          void print_cliff(void)
    637          {
    638          	robot_sensor_gather_start(1);
    639                  printf("cliff: l=%d fl=%d fr=%d r=%d \r\n",\
    640                   signal_delta[CLIFF_LEFT], signal_delta[CLIFF_FRONTLEFT], signal_delta[CLIFF_FRONTRIGHT], \
    641                   signal_delta[CLIFF_RIGHT]);        
    642          }

   Maximum stack usage in bytes:

   .cstack Function
   ------- --------
       0   hal_isr
      16   print_cliff
        16   -- Indirect call
        16   -> robot_sensor_gather_start
      24   print_touch
        24   -- Indirect call
        24   -> robot_sensor_gather_start
       8   reset_cliff_threshold
         8   -> get_local_ui_config
         0   -> sensor_threshold_update
       0   reset_lt_auto_offset
       8   robot_close_sensor_led
         0   -- Indirect call
         8   -- Indirect call
       0   robot_is_cliff
       0   robot_is_front_cliff
       0   robot_is_lighttouch
       0   robot_is_rear_cliff
       0   robot_rear_lt_distance
       8   robot_sensor_init
         8   -> get_local_ui_config
         8   -> reset_lt_auto_offset
         8   -> sensor_threshold_update
       0   robot_signal_distance
      40   sensor_gather
         0   -- Indirect call
        40   -- Indirect call
      40   sensor_handle
         0   -- Indirect call
        40   -> abs
        40   -> robot_bump_mask
        40   -> view_bump
       0   sensor_threshold_update
       0   set_cliff_enable
       0   set_cliff_threshold
       0   set_lighttouch_enable


   Section sizes:

   Bytes  Function/Label
   -----  --------------
       4  ??DataTable16
       4  ??DataTable16_1
       4  ??DataTable16_2
       4  ??DataTable16_3
       4  ??DataTable16_4
       4  ??DataTable16_5
       4  ??DataTable16_6
       4  ??DataTable16_7
       4  ??DataTable16_8
      12  ?Subroutine0
      44  ?Subroutine1
      24  ?Subroutine2
      22  ?Subroutine3
      42  ?Subroutine4
      12  ?Subroutine5
      44  ?_0
      32  ?_1
      52  adcCache
       1  cliff_hight_flag
      18  hal_isr
      64  light_index_on
          light_index_off
          cliff_index_on
          cliff_index_off
          useok
          robot_ir_init
          lt_onoff_swith
          cliff_onoff_swith
          signal_result
          time_4khz_counter
          signal_average_on
      44  print_cliff
      54  print_touch
      32  remap
      12  reset_cliff_threshold
      22  reset_lt_auto_offset
      28  robot_close_sensor_led
       2  robot_is_cliff
       4  robot_is_front_cliff
       2  robot_is_lighttouch
       4  robot_is_rear_cliff
       4  robot_rear_lt_distance
     108  robot_sensor_init
      12  robot_signal_distance
     190  sensor_gather
     592  sensor_handle
     106  sensor_threshold_update
       6  set_cliff_enable
      18  set_cliff_threshold
       6  set_lighttouch_enable
      64  signal_average_off
          signal_delta
     128  signal_queue_off
     128  signal_queue_on
      32  signal_threshold_off
      56  signal_threshold_on
          cliff_filter
          signal_offset

 
   525 bytes in section .bss
 1 532 bytes in section .text
 
 1 532 bytes of CODE memory
   525 bytes of DATA memory

Errors: none
Warnings: 2
